2024-05-22 16:59:25,744.v3_emitter_of_tasks.INFO ==================================================
2024-05-22 16:59:25,745.v3_emitter_of_tasks.INFO Today is 2024-05-22 at 04:59 PM
2024-05-22 16:59:25,745.v3_emitter_of_tasks.INFO Running on: nt Windows 10
2024-05-22 16:59:25,745.v3_emitter_of_tasks.INFO Python version:  3.11.4
2024-05-22 16:59:25,746.v3_emitter_of_tasks.INFO Python path: c:\Users\Tower\Documents\ACoffinCSIS44671\streaming-04-multiple-consumers\.venv
2024-05-22 16:59:25,746.v3_emitter_of_tasks.INFO Working dir: C:\Users\Tower\Documents\ACoffinCSIS44671\streaming-04-multiple-consumers
2024-05-22 16:59:25,746.v3_emitter_of_tasks.INFO ==================================================
2024-05-22 16:59:28,397.v3_emitter_of_tasks.INFO  [x] Sent First task....
2024-05-22 16:59:28,405.v3_emitter_of_tasks.INFO  [x] Sent Second task....
2024-05-22 16:59:28,414.v3_emitter_of_tasks.INFO  [x] Sent Third task....
2024-05-22 16:59:28,423.v3_emitter_of_tasks.INFO  [x] Sent Forth task...
2024-05-22 16:59:28,431.v3_emitter_of_tasks.INFO  [x] Sent Fifth task...
2024-05-22 16:59:28,440.v3_emitter_of_tasks.INFO  [x] Sent Sixth task...
2024-05-22 16:59:28,448.v3_emitter_of_tasks.INFO  [x] Sent Seventh task...
2024-05-22 16:59:28,456.v3_emitter_of_tasks.INFO  [x] Sent It won't work I have an exceptionally large mind.
2024-05-22 16:59:28,465.v3_emitter_of_tasks.INFO  [x] Sent Don't Panic!!
2024-05-22 16:59:28,473.v3_emitter_of_tasks.INFO  [x] Sent Time is an illusion. Lunchtime doubly so.
2024-05-22 16:59:28,481.v3_emitter_of_tasks.INFO  [x] Sent Would it save you a lot of time if I just gave up and went mad now?
2024-05-22 16:59:28,490.v3_emitter_of_tasks.INFO  [x] Sent What's the answer to life?
2024-05-22 16:59:28,498.v3_emitter_of_tasks.INFO  [x] Sent 42
2024-05-22 16:59:28,506.v3_emitter_of_tasks.INFO  [x] Sent Space is big.
2024-05-22 16:59:28,515.v3_emitter_of_tasks.INFO  [x] Sent You just won't believe how mind-boggling big it is.
2024-05-22 16:59:28,523.v3_emitter_of_tasks.INFO  [x] Sent You may think it's a long way down the road to the chemists's-
2024-05-22 16:59:28,532.v3_emitter_of_tasks.INFO  [x] Sent but that's just peanuts to space.
2024-05-22 16:59:28,540.v3_emitter_of_tasks.INFO  [x] Sent The Hitchhiker's Guide to the Galaxy by Douglas Adams
